#
# A fatal error has been detected by the Java Runtime Environment:
#
#  EXCEPTION_ACCESS_VIOLATION (0xc0000005) at pc=0x000000006c95a41b, pid=14804, tid=7228
#
# JRE version: Java(TM) SE Runtime Environment (10.0.2+13) (build 10.0.2+13)
# Java VM: Java HotSpot(TM) 64-Bit Server VM (10.0.2+13, mixed mode, tiered, compressed oops, g1 gc, windows-amd64)
# Problematic frame:
# V  [jvm.dll+0x3ba41b]
#
# No core dump will be written. Minidumps are not enabled by default on client versions of Windows
#
# If you would like to submit a bug report, please visit:
#   http://bugreport.java.com/bugreport/crash.jsp
#

---------------  S U M M A R Y ------------

Command Line: -Djava.library.path=./TestJNIReference/x64/Debug TestJNIReference

Host: AMD Ryzen 7 1700 Eight-Core Processor          , 16 cores, 15G,  Windows 10 , 64 bit Build 17134 (10.0.17134.648)
Time: Fri Mar 15 02:08:39 2019 Korea Standard Time elapsed time: 0 seconds (0d 0h 0m 0s)

---------------  T H R E A D  ---------------

Current thread (0x000001a97f26c800):  JavaThread "main" [_thread_in_vm, id=7228, stack(0x00000039ad700000,0x00000039ad800000)]

Stack: [0x00000039ad700000,0x00000039ad800000],  sp=0x00000039ad7fed60,  free space=1019k
Native frames: (J=compiled Java code, j=interpreted, Vv=VM code, C=native code)
V  [jvm.dll+0x3ba41b]
V  [jvm.dll+0x3b9173]
C  [TestJNIReference.dll+0x1196f]

Java frames: (J=compiled Java code, j=interpreted, Vv=VM code)
j  TestJNIReference.getIntegerObject(I)Ljava/lang/Integer;+0
j  TestJNIReference.main([Ljava/lang/String;)V+24
v  ~StubRoutines::call_stub

siginfo: EXCEPTION_ACCESS_VIOLATION (0xc0000005), reading address 0x0000000000000001


Register to memory mapping:

RIP=0x000000006c95a41b jvm.dll
RAX=0x0000000000000001 is an unknown value
RBX=0x0000000000000001 is an unknown value
RCX=0x00000006d0b0e500 is an oop
java.io.FileDescriptor 
{0x00000006d0b0e500} - klass: 'java/io/FileDescriptor'
RDX=0x0000000000000050 is an unknown value
RSP=0x00000039ad7fed60 is pointing into the stack for thread: 0x000001a97f26c800
RBP=0x00000039ad7feea0 is pointing into the stack for thread: 0x000001a97f26c800
RSI=0x000001a97fdb4e50 is an unknown value
RDI=0x000001a97f26c800 is a thread
R8 =0x000001a923538998 is an unknown value
R9 =0x0000000000000002 is an unknown value
R10=0x0000000000000000 is an unknown value
R11=0x0000000000000246 is an unknown value
R12=0x0000000000000000 is an unknown value
R13={method} {0x000001a922f50330} 'getIntegerObject' '(I)Ljava/lang/Integer;' in 'TestJNIReference'
R14=0x00000039ad7ff140 is pointing into the stack for thread: 0x000001a97f26c800
R15=0x000001a97f26c800 is a thread


Registers:
RAX=0x0000000000000001, RBX=0x0000000000000001, RCX=0x00000006d0b0e500, RDX=0x0000000000000050
RSP=0x00000039ad7fed60, RBP=0x00000039ad7feea0, RSI=0x000001a97fdb4e50, RDI=0x000001a97f26c800
R8 =0x000001a923538998, R9 =0x0000000000000002, R10=0x0000000000000000, R11=0x0000000000000246
R12=0x0000000000000000, R13=0x000001a922f50328, R14=0x00000039ad7ff140, R15=0x000001a97f26c800
RIP=0x000000006c95a41b, EFLAGS=0x0000000000010202

Top of Stack: (sp=0x00000039ad7fed60)
0x00000039ad7fed60:   00000013cccccccc cccccccccccccccc
0x00000039ad7fed70:   cccccccccccccccc 000000006c6cd532
0x00000039ad7fed80:   cccccccccccccccc 0000000000000000
0x00000039ad7fed90:   cccccccccccccccc 000001a97f26ca70
0x00000039ad7feda0:   000001a97f26c800 000000006c959173
0x00000039ad7fedb0:   000001a97f26c870 000001a97f26c800
0x00000039ad7fedc0:   cccccccccccccccc cccccccccccccccc
0x00000039ad7fedd0:   cccccccccccccccc cccccccccccccccc
0x00000039ad7fede0:   cccccccccccccccc cccccccccccccccc
0x00000039ad7fedf0:   cccccccccccccccc cccccccccccccccc
0x00000039ad7fee00:   000001a97f26c800 0000000000000000
0x00000039ad7fee10:   cccccccccccccccc cccccccccccccccc
0x00000039ad7fee20:   cccccccccccccccc cccccccccccccccc
0x00000039ad7fee30:   cccccccccccccccc cccccccccccccccc
0x00000039ad7fee40:   cccccccccccccccc cccccccccccccccc
0x00000039ad7fee50:   cccccccccccccccc 00000039ad7fef88 

Instructions: (pc=0x000000006c95a41b)
0x000000006c95a3fb:   48 8b 74 24 58 48 89 6b 18 48 8b 6c 24 50 4c 89
0x000000006c95a40b:   73 20 4c 8b 74 24 60 33 c0 48 83 c4 38 5f 5b c3
0x000000006c95a41b:   48 8b 00 4c 8b c7 33 d2 48 8b cb ff 90 98 00 00
0x000000006c95a42b:   00 48 83 7f 08 00 74 09 33 c0 48 83 c4 38 5f 5b 



---------------  P R O C E S S  ---------------

Threads class SMR info:
_java_thread_list=0x000001a9236adff0, length=20, elements={
0x000001a97f26c800, 0x000001a97fdc0000, 0x000001a97fdc5000, 0x000001a92344e800,
0x000001a92344f800, 0x000001a923450800, 0x000001a92345c000, 0x000001a923481000,
0x000001a923481800, 0x000001a923486000, 0x000001a923490800, 0x000001a923493800,
0x000001a9234b4800, 0x000001a9234cd800, 0x000001a9234e3800, 0x000001a9234e4000,
0x000001a9234e1800, 0x000001a923524800, 0x000001a9236e1000, 0x000001a9236e5800
}

Java Threads: ( => current thread )
=>0x000001a97f26c800 JavaThread "main" [_thread_in_vm, id=7228, stack(0x00000039ad700000,0x00000039ad800000)]
  0x000001a97fdc0000 JavaThread "Reference Handler" daemon [_thread_blocked, id=12052, stack(0x00000039af800000,0x00000039af900000)]
  0x000001a97fdc5000 JavaThread "Finalizer" daemon [_thread_blocked, id=15472, stack(0x00000039af900000,0x00000039afa00000)]
  0x000001a92344e800 JavaThread "Signal Dispatcher" daemon [_thread_blocked, id=16036, stack(0x00000039afa00000,0x00000039afb00000)]
  0x000001a92344f800 JavaThread "Attach Listener" daemon [_thread_blocked, id=14920, stack(0x00000039afb00000,0x00000039afc00000)]
  0x000001a923450800 JavaThread "C2 CompilerThread0" daemon [_thread_blocked, id=632, stack(0x00000039afc00000,0x00000039afd00000)]
  0x000001a92345c000 JavaThread "C2 CompilerThread1" daemon [_thread_blocked, id=5524, stack(0x00000039afd00000,0x00000039afe00000)]
  0x000001a923481000 JavaThread "C2 CompilerThread2" daemon [_thread_blocked, id=6352, stack(0x00000039afe00000,0x00000039aff00000)]
  0x000001a923481800 JavaThread "C2 CompilerThread3" daemon [_thread_blocked, id=15056, stack(0x00000039aff00000,0x00000039b0000000)]
  0x000001a923486000 JavaThread "C2 CompilerThread4" daemon [_thread_blocked, id=17100, stack(0x00000039b0000000,0x00000039b0100000)]
  0x000001a923490800 JavaThread "C2 CompilerThread5" daemon [_thread_blocked, id=3232, stack(0x00000039b0100000,0x00000039b0200000)]
  0x000001a923493800 JavaThread "C2 CompilerThread6" daemon [_thread_blocked, id=8672, stack(0x00000039b0200000,0x00000039b0300000)]
  0x000001a9234b4800 JavaThread "C2 CompilerThread7" daemon [_thread_blocked, id=4052, stack(0x00000039b0300000,0x00000039b0400000)]
  0x000001a9234cd800 JavaThread "C1 CompilerThread8" daemon [_thread_blocked, id=14072, stack(0x00000039b0400000,0x00000039b0500000)]
  0x000001a9234e3800 JavaThread "C1 CompilerThread9" daemon [_thread_blocked, id=14236, stack(0x00000039b0500000,0x00000039b0600000)]
  0x000001a9234e4000 JavaThread "C1 CompilerThread10" daemon [_thread_blocked, id=8432, stack(0x00000039b0600000,0x00000039b0700000)]
  0x000001a9234e1800 JavaThread "C1 CompilerThread11" daemon [_thread_blocked, id=2960, stack(0x00000039b0700000,0x00000039b0800000)]
  0x000001a923524800 JavaThread "Sweeper thread" daemon [_thread_blocked, id=14516, stack(0x00000039b0800000,0x00000039b0900000)]
  0x000001a9236e1000 JavaThread "Service Thread" daemon [_thread_blocked, id=16824, stack(0x00000039b0900000,0x00000039b0a00000)]
  0x000001a9236e5800 JavaThread "Common-Cleaner" daemon [_thread_blocked, id=7352, stack(0x00000039b0a00000,0x00000039b0b00000)]

Other Threads:
  0x000001a97fdbf800 VMThread "VM Thread" [stack: 0x00000039af700000,0x00000039af800000] [id=9272]
  0x000001a9236ee800 WatcherThread [stack: 0x00000039b0b00000,0x00000039b0c00000] [id=15516]
  0x000001a97f283800 GCTaskThread "GC Thread#0" [stack: 0x00000039ad800000,0x00000039ad900000] [id=6784]
  0x000001a97f286000 GCTaskThread "GC Thread#1" [stack: 0x00000039ad900000,0x00000039ada00000] [id=13892]
  0x000001a97f287800 GCTaskThread "GC Thread#2" [stack: 0x00000039ada00000,0x00000039adb00000] [id=3504]
  0x000001a97f28a000 GCTaskThread "GC Thread#3" [stack: 0x00000039adb00000,0x00000039adc00000] [id=16412]
  0x000001a97f28d800 GCTaskThread "GC Thread#4" [stack: 0x00000039adc00000,0x00000039add00000] [id=15332]
  0x000001a97f295800 GCTaskThread "GC Thread#5" [stack: 0x00000039add00000,0x00000039ade00000] [id=7568]
  0x000001a97f298800 GCTaskThread "GC Thread#6" [stack: 0x00000039ade00000,0x00000039adf00000] [id=5960]
  0x000001a97f29a000 GCTaskThread "GC Thread#7" [stack: 0x00000039adf00000,0x00000039ae000000] [id=15608]
  0x000001a97f29c800 GCTaskThread "GC Thread#8" [stack: 0x00000039ae000000,0x00000039ae100000] [id=14288]
  0x000001a97f2a7000 GCTaskThread "GC Thread#9" [stack: 0x00000039ae100000,0x00000039ae200000] [id=16416]
  0x000001a97f2ac800 GCTaskThread "GC Thread#10" [stack: 0x00000039ae200000,0x00000039ae300000] [id=9380]
  0x000001a97f2ad800 GCTaskThread "GC Thread#11" [stack: 0x00000039ae300000,0x00000039ae400000] [id=14960]
  0x000001a97f2ab800 GCTaskThread "GC Thread#12" [stack: 0x00000039ae400000,0x00000039ae500000] [id=6984]
  0x000001a97f308800 ConcurrentGCThread "G1 Main Marker" [stack: 0x00000039ae500000,0x00000039ae600000] [id=15652]
  0x000001a97f2a6800 ConcurrentGCThread "G1 Conc#0" [stack: 0x00000039ae600000,0x00000039ae700000] [id=15040]
  0x000001a97f2ad000 ConcurrentGCThread "G1 Conc#1" [stack: 0x00000039ae700000,0x00000039ae800000] [id=8508]
  0x000001a97f2a9000 ConcurrentGCThread "G1 Conc#2" [stack: 0x00000039ae800000,0x00000039ae900000] [id=6092]
  0x000001a97fd12800 ConcurrentGCThread "G1 Refine#0" [stack: 0x00000039ae900000,0x00000039aea00000] [id=12148]
  0x000001a97fd13000 ConcurrentGCThread "G1 Refine#1" [stack: 0x00000039aea00000,0x00000039aeb00000] [id=5740]
  0x000001a97fd15800 ConcurrentGCThread "G1 Refine#2" [stack: 0x00000039aeb00000,0x00000039aec00000] [id=912]
  0x000001a97fd16800 ConcurrentGCThread "G1 Refine#3" [stack: 0x00000039aec00000,0x00000039aed00000] [id=10708]
  0x000001a97fd17000 ConcurrentGCThread "G1 Refine#4" [stack: 0x00000039aed00000,0x00000039aee00000] [id=16760]
  0x000001a97fd25800 ConcurrentGCThread "G1 Refine#5" [stack: 0x00000039aee00000,0x00000039aef00000] [id=15420]
  0x000001a97fd26800 ConcurrentGCThread "G1 Refine#6" [stack: 0x00000039aef00000,0x00000039af000000] [id=10168]
  0x000001a97fd27000 ConcurrentGCThread "G1 Refine#7" [stack: 0x00000039af000000,0x00000039af100000] [id=6288]
  0x000001a97fd2d000 ConcurrentGCThread "G1 Refine#8" [stack: 0x00000039af100000,0x00000039af200000] [id=11240]
  0x000001a97fd2d800 ConcurrentGCThread "G1 Refine#9" [stack: 0x00000039af200000,0x00000039af300000] [id=15748]
  0x000001a97fd2e800 ConcurrentGCThread "G1 Refine#10" [stack: 0x00000039af300000,0x00000039af400000] [id=9092]
  0x000001a97fd30000 ConcurrentGCThread "G1 Refine#11" [stack: 0x00000039af400000,0x00000039af500000] [id=15324]
  0x000001a97fd38800 ConcurrentGCThread "G1 Refine#12" [stack: 0x00000039af500000,0x00000039af600000] [id=1372]
  0x000001a97fd41800 ConcurrentGCThread "G1 Young RemSet Sampling" [stack: 0x00000039af600000,0x00000039af700000] [id=9456]

Threads with active compile tasks:

VM state:not at safepoint (normal execution)

VM Mutex/Monitor currently owned by a thread: None

Heap address: 0x00000006c0c00000, size: 4084 MB, Compressed Oops mode: Zero based, Oop shift amount: 3
Narrow klass base: 0x0000000000000000, Narrow klass shift: 3
Compressed class space size: 1073741824 Address: 0x00000007c0000000

Heap:
 garbage-first heap   total 262144K, used 1024K [0x00000006c0c00000, 0x00000007c0000000)
  region size 1024K, 2 young (2048K), 0 survivors (0K)
 Metaspace       used 3454K, capacity 4486K, committed 4864K, reserved 1056768K
  class space    used 332K, capacity 386K, committed 512K, reserved 1048576K
Heap Regions: E=young(eden), S=young(survivor), O=old, HS=humongous(starts), HC=humongous(continues), CS=collection set, F=free, A=archive, TS=gc time stamp, AC=allocation context, TAMS=top-at-mark-start (previous, next)
|   0|0x00000006c0c00000, 0x00000006c0c00000, 0x00000006c0d00000|  0%| F|  |TS  0|AC  0|TAMS 0x00000006c0c00000, 0x00000006c0c00000|
|   1|0x00000006c0d00000, 0x00000006c0d00000, 0x00000006c0e00000|  0%| F|  |TS  0|AC  0|TAMS 0x00000006c0d00000, 0x00000006c0d00000|
|   2|0x00000006c0e00000, 0x00000006c0e00000, 0x00000006c0f00000|  0%| F|  |TS  0|AC  0|TAMS 0x00000006c0e00000, 0x00000006c0e00000|
|   3|0x00000006c0f00000, 0x00000006c0f00000, 0x00000006c1000000|  0%| F|  |TS  0|AC  0|TAMS 0x00000006c0f00000, 0x00000006c0f00000|
|   4|0x00000006c1000000, 0x00000006c1000000, 0x00000006c1100000|  0%| F|  |TS  0|AC  0|TAMS 0x00000006c1000000, 0x00000006c1000000|
|   5|0x00000006c1100000, 0x00000006c1100000, 0x00000006c1200000|  0%| F|  |TS  0|AC  0|TAMS 0x00000006c1100000, 0x00000006c1100000|
|   6|0x00000006c1200000, 0x00000006c1200000, 0x00000006c1300000|  0%| F|  |TS  0|AC  0|TAMS 0x00000006c1200000, 0x00000006c1200000|
|   7|0x00000006c1300000, 0x00000006c1300000, 0x00000006c1400000|  0%| F|  |TS  0|AC  0|TAMS 0x00000006c1300000, 0x00000006c1300000|
|   8|0x00000006c1400000, 0x00000006c1400000, 0x00000006c1500000|  0%| F|  |TS  0|AC  0|TAMS 0x00000006c1400000, 0x00000006c1400000|
|   9|0x00000006c1500000, 0x00000006c1500000, 0x00000006c1600000|  0%| F|  |TS  0|AC  0|TAMS 0x00000006c1500000, 0x00000006c1500000|
|  10|0x00000006c1600000, 0x00000006c1600000, 0x00000006c1700000|  0%| F|  |TS  0|AC  0|TAMS 0x00000006c1600000, 0x00000006c1600000|
|  11|0x00000006c1700000, 0x00000006c1700000, 0x00000006c1800000|  0%| F|  |TS  0|AC  0|TAMS 0x00000006c1700000, 0x00000006c1700000|
|  12|0x00000006c1800000, 0x00000006c1800000, 0x00000006c1900000|  0%| F|  |TS  0|AC  0|TAMS 0x00000006c1800000, 0x00000006c1800000|
|  13|0x00000006c1900000, 0x00000006c1900000, 0x00000006c1a00000|  0%| F|  |TS  0|AC  0|TAMS 0x00000006c1900000, 0x00000006c1900000|
|  14|0x00000006c1a00000, 0x00000006c1a00000, 0x00000006c1b00000|  0%| F|  |TS  0|AC  0|TAMS 0x00000006c1a00000, 0x00000006c1a00000|
|  15|0x00000006c1b00000, 0x00000006c1b00000, 0x00000006c1c00000|  0%| F|  |TS  0|AC  0|TAMS 0x00000006c1b00000, 0x00000006c1b00000|
|  16|0x00000006c1c00000, 0x00000006c1c00000, 0x00000006c1d00000|  0%| F|  |TS  0|AC  0|TAMS 0x00000006c1c00000, 0x00000006c1c00000|
|  17|0x00000006c1d00000, 0x00000006c1d00000, 0x00000006c1e00000|  0%| F|  |TS  0|AC  0|TAMS 0x00000006c1d00000, 0x00000006c1d00000|
|  18|0x00000006c1e00000, 0x00000006c1e00000, 0x00000006c1f00000|  0%| F|  |TS  0|AC  0|TAMS 0x00000006c1e00000, 0x00000006c1e00000|
|  19|0x00000006c1f00000, 0x00000006c1f00000, 0x00000006c2000000|  0%| F|  |TS  0|AC  0|TAMS 0x00000006c1f00000, 0x00000006c1f00000|
|  20|0x00000006c2000000, 0x00000006c2000000, 0x00000006c2100000|  0%| F|  |TS  0|AC  0|TAMS 0x00000006c2000000, 0x00000006c2000000|
|  21|0x00000006c2100000, 0x00000006c2100000, 0x00000006c2200000|  0%| F|  |TS  0|AC  0|TAMS 0x00000006c2100000, 0x00000006c2100000|
|  22|0x00000006c2200000, 0x00000006c2200000, 0x00000006c2300000|  0%| F|  |TS  0|AC  0|TAMS 0x00000006c2200000, 0x00000006c2200000|
|  23|0x00000006c2300000, 0x00000006c2300000, 0x00000006c2400000|  0%| F|  |TS  0|AC  0|TAMS 0x00000006c2300000, 0x00000006c2300000|
|  24|0x00000006c2400000, 0x00000006c2400000, 0x00000006c2500000|  0%| F|  |TS  0|AC  0|TAMS 0x00000006c2400000, 0x00000006c2400000|
|  25|0x00000006c2500000, 0x00000006c2500000, 0x00000006c2600000|  0%| F|  |TS  0|AC  0|TAMS 0x00000006c2500000, 0x00000006c2500000|
|  26|0x00000006c2600000, 0x00000006c2600000, 0x00000006c2700000|  0%| F|  |TS  0|AC  0|TAMS 0x00000006c2600000, 0x00000006c2600000|
|  27|0x00000006c2700000, 0x00000006c2700000, 0x00000006c2800000|  0%| F|  |TS  0|AC  0|TAMS 0x00000006c2700000, 0x00000006c2700000|
|  28|0x00000006c2800000, 0x00000006c2800000, 0x00000006c2900000|  0%| F|  |TS  0|AC  0|TAMS 0x00000006c2800000, 0x00000006c2800000|
|  29|0x00000006c2900000, 0x00000006c2900000, 0x00000006c2a00000|  0%| F|  |TS  0|AC  0|TAMS 0x00000006c2900000, 0x00000006c2900000|
|  30|0x00000006c2a00000, 0x00000006c2a00000, 0x00000006c2b00000|  0%| F|  |TS  0|AC  0|TAMS 0x00000006c2a00000, 0x00000006c2a00000|
|  31|0x00000006c2b00000, 0x00000006c2b00000, 0x00000006c2c00000|  0%| F|  |TS  0|AC  0|TAMS 0x00000006c2b00000, 0x00000006c2b00000|
|  32|0x00000006c2c00000, 0x00000006c2c00000, 0x00000006c2d00000|  0%| F|  |TS  0|AC  0|TAMS 0x00000006c2c00000, 0x00000006c2c00000|
|  33|0x00000006c2d00000, 0x00000006c2d00000, 0x00000006c2e00000|  0%| F|  |TS  0|AC  0|TAMS 0x00000006c2d00000, 0x00000006c2d00000|
|  34|0x00000006c2e00000, 0x00000006c2e00000, 0x00000006c2f00000|  0%| F|  |TS  0|AC  0|TAMS 0x00000006c2e00000, 0x00000006c2e00000|
|  35|0x00000006c2f00000, 0x00000006c2f00000, 0x00000006c3000000|  0%| F|  |TS  0|AC  0|TAMS 0x00000006c2f00000, 0x00000006c2f00000|
|  36|0x00000006c3000000, 0x00000006c3000000, 0x00000006c3100000|  0%| F|  |TS  0|AC  0|TAMS 0x00000006c3000000, 0x00000006c3000000|
|  37|0x00000006c3100000, 0x00000006c3100000, 0x00000006c3200000|  0%| F|  |TS  0|AC  0|TAMS 0x00000006c3100000, 0x00000006c3100000|
|  38|0x00000006c3200000, 0x00000006c3200000, 0x00000006c3300000|  0%| F|  |TS  0|AC  0|TAMS 0x00000006c3200000, 0x00000006c3200000|
|  39|0x00000006c3300000, 0x00000006c3300000, 0x00000006c3400000|  0%| F|  |TS  0|AC  0|TAMS 0x00000006c3300000, 0x00000006c3300000|
|  40|0x00000006c3400000, 0x00000006c3400000, 0x00000006c3500000|  0%| F|  |TS  0|AC  0|TAMS 0x00000006c3400000, 0x00000006c3400000|
|  41|0x00000006c3500000, 0x00000006c3500000, 0x00000006c3600000|  0%| F|  |TS  0|AC  0|TAMS 0x00000006c3500000, 0x00000006c3500000|
|  42|0x00000006c3600000, 0x00000006c3600000, 0x00000006c3700000|  0%| F|  |TS  0|AC  0|TAMS 0x00000006c3600000, 0x00000006c3600000|
|  43|0x00000006c3700000, 0x00000006c3700000, 0x00000006c3800000|  0%| F|  |TS  0|AC  0|TAMS 0x00000006c3700000, 0x00000006c3700000|
|  44|0x00000006c3800000, 0x00000006c3800000, 0x00000006c3900000|  0%| F|  |TS  0|AC  0|TAMS 0x00000006c3800000, 0x00000006c3800000|
|  45|0x00000006c3900000, 0x00000006c3900000, 0x00000006c3a00000|  0%| F|  |TS  0|AC  0|TAMS 0x00000006c3900000, 0x00000006c3900000|
|  46|0x00000006c3a00000, 0x00000006c3a00000, 0x00000006c3b00000|  0%| F|  |TS  0|AC  0|TAMS 0x00000006c3a00000, 0x00000006c3a00000|
|  47|0x00000006c3b00000, 0x00000006c3b00000, 0x00000006c3c00000|  0%| F|  |TS  0|AC  0|TAMS 0x00000006c3b00000, 0x00000006c3b00000|
|  48|0x00000006c3c00000, 0x00000006c3c00000, 0x00000006c3d00000|  0%| F|  |TS  0|AC  0|TAMS 0x00000006c3c00000, 0x00000006c3c00000|
|  49|0x00000006c3d00000, 0x00000006c3d00000, 0x00000006c3e00000|  0%| F|  |TS  0|AC  0|TAMS 0x00000006c3d00000, 0x00000006c3d00000|
|  50|0x00000006c3e00000, 0x00000006c3e00000, 0x00000006c3f00000|  0%| F|  |TS  0|AC  0|TAMS 0x00000006c3e00000, 0x00000006c3e00000|
|  51|0x00000006c3f00000, 0x00000006c3f00000, 0x00000006c4000000|  0%| F|  |TS  0|AC  0|TAMS 0x00000006c3f00000, 0x00000006c3f00000|
|  52|0x00000006c4000000, 0x00000006c4000000, 0x00000006c4100000|  0%| F|  |TS  0|AC  0|TAMS 0x00000006c4000000, 0x00000006c4000000|
|  53|0x00000006c4100000, 0x00000006c4100000, 0x00000006c4200000|  0%| F|  |TS  0|AC  0|TAMS 0x00000006c4100000, 0x00000006c4100000|
|  54|0x00000006c4200000, 0x00000006c4200000, 0x00000006c4300000|  0%| F|  |TS  0|AC  0|TAMS 0x00000006c4200000, 0x00000006c4200000|
|  55|0x00000006c4300000, 0x00000006c4300000, 0x00000006c4400000|  0%| F|  |TS  0|AC  0|TAMS 0x00000006c4300000, 0x00000006c4300000|
|  56|0x00000006c4400000, 0x00000006c4400000, 0x00000006c4500000|  0%| F|  |TS  0|AC  0|TAMS 0x00000006c4400000, 0x00000006c4400000|
|  57|0x00000006c4500000, 0x00000006c4500000, 0x00000006c4600000|  0%| F|  |TS  0|AC  0|TAMS 0x00000006c4500000, 0x00000006c4500000|
|  58|0x00000006c4600000, 0x00000006c4600000, 0x00000006c4700000|  0%| F|  |TS  0|AC  0|TAMS 0x00000006c4600000, 0x00000006c4600000|
|  59|0x00000006c4700000, 0x00000006c4700000, 0x00000006c4800000|  0%| F|  |TS  0|AC  0|TAMS 0x00000006c4700000, 0x00000006c4700000|
|  60|0x00000006c4800000, 0x00000006c4800000, 0x00000006c4900000|  0%| F|  |TS  0|AC  0|TAMS 0x00000006c4800000, 0x00000006c4800000|
|  61|0x00000006c4900000, 0x00000006c4900000, 0x00000006c4a00000|  0%| F|  |TS  0|AC  0|TAMS 0x00000006c4900000, 0x00000006c4900000|
|  62|0x00000006c4a00000, 0x00000006c4a00000, 0x00000006c4b00000|  0%| F|  |TS  0|AC  0|TAMS 0x00000006c4a00000, 0x00000006c4a00000|
|  63|0x00000006c4b00000, 0x00000006c4b00000, 0x00000006c4c00000|  0%| F|  |TS  0|AC  0|TAMS 0x00000006c4b00000, 0x00000006c4b00000|
|  64|0x00000006c4c00000, 0x00000006c4c00000, 0x00000006c4d00000|  0%| F|  |TS  0|AC  0|TAMS 0x00000006c4c00000, 0x00000006c4c00000|
|  65|0x00000006c4d00000, 0x00000006c4d00000, 0x00000006c4e00000|  0%| F|  |TS  0|AC  0|TAMS 0x00000006c4d00000, 0x00000006c4d00000|
|  66|0x00000006c4e00000, 0x00000006c4e00000, 0x00000006c4f00000|  0%| F|  |TS  0|AC  0|TAMS 0x00000006c4e00000, 0x00000006c4e00000|
|  67|0x00000006c4f00000, 0x00000006c4f00000, 0x00000006c5000000|  0%| F|  |TS  0|AC  0|TAMS 0x00000006c4f00000, 0x00000006c4f00000|
|  68|0x00000006c5000000, 0x00000006c5000000, 0x00000006c5100000|  0%| F|  |TS  0|AC  0|TAMS 0x00000006c5000000, 0x00000006c5000000|
|  69|0x00000006c5100000, 0x00000006c5100000, 0x00000006c5200000|  0%| F|  |TS  0|AC  0|TAMS 0x00000006c5100000, 0x00000006c5100000|
|  70|0x00000006c5200000, 0x00000006c5200000, 0x00000006c5300000|  0%| F|  |TS  0|AC  0|TAMS 0x00000006c5200000, 0x00000006c5200000|
|  71|0x00000006c5300000, 0x00000006c5300000, 0x00000006c5400000|  0%| F|  |TS  0|AC  0|TAMS 0x00000006c5300000, 0x00000006c5300000|
|  72|0x00000006c5400000, 0x00000006c5400000, 0x00000006c5500000|  0%| F|  |TS  0|AC  0|TAMS 0x00000006c5400000, 0x00000006c5400000|
|  73|0x00000006c5500000, 0x00000006c5500000, 0x00000006c5600000|  0%| F|  |TS  0|AC  0|TAMS 0x00000006c5500000, 0x00000006c5500000|
|  74|0x00000006c5600000, 0x00000006c5600000, 0x00000006c5700000|  0%| F|  |TS  0|AC  0|TAMS 0x00000006c5600000, 0x00000006c5600000|
|  75|0x00000006c5700000, 0x00000006c5700000, 0x00000006c5800000|  0%| F|  |TS  0|AC  0|TAMS 0x00000006c5700000, 0x00000006c5700000|
|  76|0x00000006c5800000, 0x00000006c5800000, 0x00000006c5900000|  0%| F|  |TS  0|AC  0|TAMS 0x00000006c5800000, 0x00000006c5800000|
|  77|0x00000006c5900000, 0x00000006c5900000, 0x00000006c5a00000|  0%| F|  |TS  0|AC  0|TAMS 0x00000006c5900000, 0x00000006c5900000|
|  78|0x00000006c5a00000, 0x00000006c5a00000, 0x00000006c5b00000|  0%| F|  |TS  0|AC  0|TAMS 0x00000006c5a00000, 0x00000006c5a00000|
|  79|0x00000006c5b00000, 0x00000006c5b00000, 0x00000006c5c00000|  0%| F|  |TS  0|AC  0|TAMS 0x00000006c5b00000, 0x00000006c5b00000|
|  80|0x00000006c5c00000, 0x00000006c5c00000, 0x00000006c5d00000|  0%| F|  |TS  0|AC  0|TAMS 0x00000006c5c00000, 0x00000006c5c00000|
|  81|0x00000006c5d00000, 0x00000006c5d00000, 0x00000006c5e00000|  0%| F|  |TS  0|AC  0|TAMS 0x00000006c5d00000, 0x00000006c5d00000|
|  82|0x00000006c5e00000, 0x00000006c5e00000, 0x00000006c5f00000|  0%| F|  |TS  0|AC  0|TAMS 0x00000006c5e00000, 0x00000006c5e00000|
|  83|0x00000006c5f00000, 0x00000006c5f00000, 0x00000006c6000000|  0%| F|  |TS  0|AC  0|TAMS 0x00000006c5f00000, 0x00000006c5f00000|
|  84|0x00000006c6000000, 0x00000006c6000000, 0x00000006c6100000|  0%| F|  |TS  0|AC  0|TAMS 0x00000006c6000000, 0x00000006c6000000|
|  85|0x00000006c6100000, 0x00000006c6100000, 0x00000006c6200000|  0%| F|  |TS  0|AC  0|TAMS 0x00000006c6100000, 0x00000006c6100000|
|  86|0x00000006c6200000, 0x00000006c6200000, 0x00000006c6300000|  0%| F|  |TS  0|AC  0|TAMS 0x00000006c6200000, 0x00000006c6200000|
|  87|0x00000006c6300000, 0x00000006c6300000, 0x00000006c6400000|  0%| F|  |TS  0|AC  0|TAMS 0x00000006c6300000, 0x00000006c6300000|
|  88|0x00000006c6400000, 0x00000006c6400000, 0x00000006c6500000|  0%| F|  |TS  0|AC  0|TAMS 0x00000006c6400000, 0x00000006c6400000|
|  89|0x00000006c6500000, 0x00000006c6500000, 0x00000006c6600000|  0%| F|  |TS  0|AC  0|TAMS 0x00000006c6500000, 0x00000006c6500000|
|  90|0x00000006c6600000, 0x00000006c6600000, 0x00000006c6700000|  0%| F|  |TS  0|AC  0|TAMS 0x00000006c6600000, 0x00000006c6600000|
|  91|0x00000006c6700000, 0x00000006c6700000, 0x00000006c6800000|  0%| F|  |TS  0|AC  0|TAMS 0x00000006c6700000, 0x00000006c6700000|
|  92|0x00000006c6800000, 0x00000006c6800000, 0x00000006c6900000|  0%| F|  |TS  0|AC  0|TAMS 0x00000006c6800000, 0x00000006c6800000|
|  93|0x00000006c6900000, 0x00000006c6900000, 0x00000006c6a00000|  0%| F|  |TS  0|AC  0|TAMS 0x00000006c6900000, 0x00000006c6900000|
|  94|0x00000006c6a00000, 0x00000006c6a00000, 0x00000006c6b00000|  0%| F|  |TS  0|AC  0|TAMS 0x00000006c6a00000, 0x00000006c6a00000|
|  95|0x00000006c6b00000, 0x00000006c6b00000, 0x00000006c6c00000|  0%| F|  |TS  0|AC  0|TAMS 0x00000006c6b00000, 0x00000006c6b00000|
|  96|0x00000006c6c00000, 0x00000006c6c00000, 0x00000006c6d00000|  0%| F|  |TS  0|AC  0|TAMS 0x00000006c6c00000, 0x00000006c6c00000|
|  97|0x00000006c6d00000, 0x00000006c6d00000, 0x00000006c6e00000|  0%| F|  |TS  0|AC  0|TAMS 0x00000006c6d00000, 0x00000006c6d00000|
|  98|0x00000006c6e00000, 0x00000006c6e00000, 0x00000006c6f00000|  0%| F|  |TS  0|AC  0|TAMS 0x00000006c6e00000, 0x00000006c6e00000|
|  99|0x00000006c6f00000, 0x00000006c6f00000, 0x00000006c7000000|  0%| F|  |TS  0|AC  0|TAMS 0x00000006c6f00000, 0x00000006c6f00000|
| 100|0x00000006c7000000, 0x00000006c7000000, 0x00000006c7100000|  0%| F|  |TS  0|AC  0|TAMS 0x00000006c7000000, 0x00000006c7000000|
| 101|0x00000006c7100000, 0x00000006c7100000, 0x00000006c7200000|  0%| F|  |TS  0|AC  0|TAMS 0x00000006c7100000, 0x00000006c7100000|
| 102|0x00000006c7200000, 0x00000006c7200000, 0x00000006c7300000|  0%| F|  |TS  0|AC  0|TAMS 0x00000006c7200000, 0x00000006c7200000|
| 103|0x00000006c7300000, 0x00000006c7300000, 0x00000006c7400000|  0%| F|  |TS  0|AC  0|TAMS 0x00000006c7300000, 0x00000006c7300000|
| 104|0x00000006c7400000, 0x00000006c7400000, 0x00000006c7500000|  0%| F|  |TS  0|AC  0|TAMS 0x00000006c7400000, 0x00000006c7400000|
| 105|0x00000006c7500000, 0x00000006c7500000, 0x00000006c7600000|  0%| F|  |TS  0|AC  0|TAMS 0x00000006c7500000, 0x00000006c7500000|
| 106|0x00000006c7600000, 0x00000006c7600000, 0x00000006c7700000|  0%| F|  |TS  0|AC  0|TAMS 0x00000006c7600000, 0x00000006c7600000|
| 107|0x00000006c7700000, 0x00000006c7700000, 0x00000006c7800000|  0%| F|  |TS  0|AC  0|TAMS 0x00000006c7700000, 0x00000006c7700000|
| 108|0x00000006c7800000, 0x00000006c7800000, 0x00000006c7900000|  0%| F|  |TS  0|AC  0|TAMS 0x00000006c7800000, 0x00000006c7800000|
| 109|0x00000006c7900000, 0x00000006c7900000, 0x00000006c7a00000|  0%| F|  |TS  0|AC  0|TAMS 0x00000006c7900000, 0x00000006c7900000|
| 110|0x00000006c7a00000, 0x00000006c7a00000, 0x00000006c7b00000|  0%| F|  |TS  0|AC  0|TAMS 0x00000006c7a00000, 0x00000006c7a00000|
| 111|0x00000006c7b00000, 0x00000006c7b00000, 0x00000006c7c00000|  0%| F|  |TS  0|AC  0|TAMS 0x00000006c7b00000, 0x00000006c7b00000|
| 112|0x00000006c7c00000, 0x00000006c7c00000, 0x00000006c7d00000|  0%| F|  |TS  0|AC  0|TAMS 0x00000006c7c00000, 0x00000006c7c00000|
| 113|0x00000006c7d00000, 0x00000006c7d00000, 0x00000006c7e00000|  0%| F|  |TS  0|AC  0|TAMS 0x00000006c7d00000, 0x00000006c7d00000|
| 114|0x00000006c7e00000, 0x00000006c7e00000, 0x00000006c7f00000|  0%| F|  |TS  0|AC  0|TAMS 0x00000006c7e00000, 0x00000006c7e00000|
| 115|0x00000006c7f00000, 0x00000006c7f00000, 0x00000006c8000000|  0%| F|  |TS  0|AC  0|TAMS 0x00000006c7f00000, 0x00000006c7f00000|
| 116|0x00000006c8000000, 0x00000006c8000000, 0x00000006c8100000|  0%| F|  |TS  0|AC  0|TAMS 0x00000006c8000000, 0x00000006c8000000|
| 117|0x00000006c8100000, 0x00000006c8100000, 0x00000006c8200000|  0%| F|  |TS  0|AC  0|TAMS 0x00000006c8100000, 0x00000006c8100000|
| 118|0x00000006c8200000, 0x00000006c8200000, 0x00000006c8300000|  0%| F|  |TS  0|AC  0|TAMS 0x00000006c8200000, 0x00000006c8200000|
| 119|0x00000006c8300000, 0x00000006c8300000, 0x00000006c8400000|  0%| F|  |TS  0|AC  0|TAMS 0x00000006c8300000, 0x00000006c8300000|
| 120|0x00000006c8400000, 0x00000006c8400000, 0x00000006c8500000|  0%| F|  |TS  0|AC  0|TAMS 0x00000006c8400000, 0x00000006c8400000|
| 121|0x00000006c8500000, 0x00000006c8500000, 0x00000006c8600000|  0%| F|  |TS  0|AC  0|TAMS 0x00000006c8500000, 0x00000006c8500000|
| 122|0x00000006c8600000, 0x00000006c8600000, 0x00000006c8700000|  0%| F|  |TS  0|AC  0|TAMS 0x00000006c8600000, 0x00000006c8600000|
| 123|0x00000006c8700000, 0x00000006c8700000, 0x00000006c8800000|  0%| F|  |TS  0|AC  0|TAMS 0x00000006c8700000, 0x00000006c8700000|
| 124|0x00000006c8800000, 0x00000006c8800000, 0x00000006c8900000|  0%| F|  |TS  0|AC  0|TAMS 0x00000006c8800000, 0x00000006c8800000|
| 125|0x00000006c8900000, 0x00000006c8900000, 0x00000006c8a00000|  0%| F|  |TS  0|AC  0|TAMS 0x00000006c8900000, 0x00000006c8900000|
| 126|0x00000006c8a00000, 0x00000006c8a00000, 0x00000006c8b00000|  0%| F|  |TS  0|AC  0|TAMS 0x00000006c8a00000, 0x00000006c8a00000|
| 127|0x00000006c8b00000, 0x00000006c8b00000, 0x00000006c8c00000|  0%| F|  |TS  0|AC  0|TAMS 0x00000006c8b00000, 0x00000006c8b00000|
| 128|0x00000006c8c00000, 0x00000006c8c00000, 0x00000006c8d00000|  0%| F|  |TS  0|AC  0|TAMS 0x00000006c8c00000, 0x00000006c8c00000|
| 129|0x00000006c8d00000, 0x00000006c8d00000, 0x00000006c8e00000|  0%| F|  |TS  0|AC  0|TAMS 0x00000006c8d00000, 0x00000006c8d00000|
| 130|0x00000006c8e00000, 0x00000006c8e00000, 0x00000006c8f00000|  0%| F|  |TS  0|AC  0|TAMS 0x00000006c8e00000, 0x00000006c8e00000|
| 131|0x00000006c8f00000, 0x00000006c8f00000, 0x00000006c9000000|  0%| F|  |TS  0|AC  0|TAMS 0x00000006c8f00000, 0x00000006c8f00000|
| 132|0x00000006c9000000, 0x00000006c9000000, 0x00000006c9100000|  0%| F|  |TS  0|AC  0|TAMS 0x00000006c9000000, 0x00000006c9000000|
| 133|0x00000006c9100000, 0x00000006c9100000, 0x00000006c9200000|  0%| F|  |TS  0|AC  0|TAMS 0x00000006c9100000, 0x00000006c9100000|
| 134|0x00000006c9200000, 0x00000006c9200000, 0x00000006c9300000|  0%| F|  |TS  0|AC  0|TAMS 0x00000006c9200000, 0x00000006c9200000|
| 135|0x00000006c9300000, 0x00000006c9300000, 0x00000006c9400000|  0%| F|  |TS  0|AC  0|TAMS 0x00000006c9300000, 0x00000006c9300000|
| 136|0x00000006c9400000, 0x00000006c9400000, 0x00000006c9500000|  0%| F|  |TS  0|AC  0|TAMS 0x00000006c9400000, 0x00000006c9400000|
| 137|0x00000006c9500000, 0x00000006c9500000, 0x00000006c9600000|  0%| F|  |TS  0|AC  0|TAMS 0x00000006c9500000, 0x00000006c9500000|
| 138|0x00000006c9600000, 0x00000006c9600000, 0x00000006c9700000|  0%| F|  |TS  0|AC  0|TAMS 0x00000006c9600000, 0x00000006c9600000|
| 139|0x00000006c9700000, 0x00000006c9700000, 0x00000006c9800000|  0%| F|  |TS  0|AC  0|TAMS 0x00000006c9700000, 0x00000006c9700000|
| 140|0x00000006c9800000, 0x00000006c9800000, 0x00000006c9900000|  0%| F|  |TS  0|AC  0|TAMS 0x00000006c9800000, 0x00000006c9800000|
| 141|0x00000006c9900000, 0x00000006c9900000, 0x00000006c9a00000|  0%| F|  |TS  0|AC  0|TAMS 0x00000006c9900000, 0x00000006c9900000|
| 142|0x00000006c9a00000, 0x00000006c9a00000, 0x00000006c9b00000|  0%| F|  |TS  0|AC  0|TAMS 0x00000006c9a00000, 0x00000006c9a00000|
| 143|0x00000006c9b00000, 0x00000006c9b00000, 0x00000006c9c00000|  0%| F|  |TS  0|AC  0|TAMS 0x00000006c9b00000, 0x00000006c9b00000|
| 144|0x00000006c9c00000, 0x00000006c9c00000, 0x00000006c9d00000|  0%| F|  |TS  0|AC  0|TAMS 0x00000006c9c00000, 0x00000006c9c00000|
| 145|0x00000006c9d00000, 0x00000006c9d00000, 0x00000006c9e00000|  0%| F|  |TS  0|AC  0|TAMS 0x00000006c9d00000, 0x00000006c9d00000|
| 146|0x00000006c9e00000, 0x00000006c9e00000, 0x00000006c9f00000|  0%| F|  |TS  0|AC  0|TAMS 0x00000006c9e00000, 0x00000006c9e00000|
| 147|0x00000006c9f00000, 0x00000006c9f00000, 0x00000006ca000000|  0%| F|  |TS  0|AC  0|TAMS 0x00000006c9f00000, 0x00000006c9f00000|
| 148|0x00000006ca000000, 0x00000006ca000000, 0x00000006ca100000|  0%| F|  |TS  0|AC  0|TAMS 0x00000006ca000000, 0x00000006ca000000|
| 149|0x00000006ca100000, 0x00000006ca100000, 0x00000006ca200000|  0%| F|  |TS  0|AC  0|TAMS 0x00000006ca100000, 0x00000006ca100000|
| 150|0x00000006ca200000, 0x00000006ca200000, 0x00000006ca300000|  0%| F|  |TS  0|AC  0|TAMS 0x00000006ca200000, 0x00000006ca200000|
| 151|0x00000006ca300000, 0x00000006ca300000, 0x00000006ca400000|  0%| F|  |TS  0|AC  0|TAMS 0x00000006ca300000, 0x00000006ca300000|
| 152|0x00000006ca400000, 0x00000006ca400000, 0x00000006ca500000|  0%| F|  |TS  0|AC  0|TAMS 0x00000006ca400000, 0x00000006ca400000|
| 153|0x00000006ca500000, 0x00000006ca500000, 0x00000006ca600000|  0%| F|  |TS  0|AC  0|TAMS 0x00000006ca500000, 0x00000006ca500000|
| 154|0x00000006ca600000, 0x00000006ca600000, 0x00000006ca700000|  0%| F|  |TS  0|AC  0|TAMS 0x00000006ca600000, 0x00000006ca600000|
| 155|0x00000006ca700000, 0x00000006ca700000, 0x00000006ca800000|  0%| F|  |TS  0|AC  0|TAMS 0x00000006ca700000, 0x00000006ca700000|
| 156|0x00000006ca800000, 0x00000006ca800000, 0x00000006ca900000|  0%| F|  |TS  0|AC  0|TAMS 0x00000006ca800000, 0x00000006ca800000|
| 157|0x00000006ca900000, 0x00000006ca900000, 0x00000006caa00000|  0%| F|  |TS  0|AC  0|TAMS 0x00000006ca900000, 0x00000006ca900000|
| 158|0x00000006caa00000, 0x00000006caa00000, 0x00000006cab00000|  0%| F|  |TS  0|AC  0|TAMS 0x00000006caa00000, 0x00000006caa00000|
| 159|0x00000006cab00000, 0x00000006cab00000, 0x00000006cac00000|  0%| F|  |TS  0|AC  0|TAMS 0x00000006cab00000, 0x00000006cab00000|
| 160|0x00000006cac00000, 0x00000006cac00000, 0x00000006cad00000|  0%| F|  |TS  0|AC  0|TAMS 0x00000006cac00000, 0x00000006cac00000|
| 161|0x00000006cad00000, 0x00000006cad00000, 0x00000006cae00000|  0%| F|  |TS  0|AC  0|TAMS 0x00000006cad00000, 0x00000006cad00000|
| 162|0x00000006cae00000, 0x00000006cae00000, 0x00000006caf00000|  0%| F|  |TS  0|AC  0|TAMS 0x00000006cae00000, 0x00000006cae00000|
| 163|0x00000006caf00000, 0x00000006caf00000, 0x00000006cb000000|  0%| F|  |TS  0|AC  0|TAMS 0x00000006caf00000, 0x00000006caf00000|
| 164|0x00000006cb000000, 0x00000006cb000000, 0x00000006cb100000|  0%| F|  |TS  0|AC  0|TAMS 0x00000006cb000000, 0x00000006cb000000|
| 165|0x00000006cb100000, 0x00000006cb100000, 0x00000006cb200000|  0%| F|  |TS  0|AC  0|TAMS 0x00000006cb100000, 0x00000006cb100000|
| 166|0x00000006cb200000, 0x00000006cb200000, 0x00000006cb300000|  0%| F|  |TS  0|AC  0|TAMS 0x00000006cb200000, 0x00000006cb200000|
| 167|0x00000006cb300000, 0x00000006cb300000, 0x00000006cb400000|  0%| F|  |TS  0|AC  0|TAMS 0x00000006cb300000, 0x00000006cb300000|
| 168|0x00000006cb400000, 0x00000006cb400000, 0x00000006cb500000|  0%| F|  |TS  0|AC  0|TAMS 0x00000006cb400000, 0x00000006cb400000|
| 169|0x00000006cb500000, 0x00000006cb500000, 0x00000006cb600000|  0%| F|  |TS  0|AC  0|TAMS 0x00000006cb500000, 0x00000006cb500000|
| 170|0x00000006cb600000, 0x00000006cb600000, 0x00000006cb700000|  0%| F|  |TS  0|AC  0|TAMS 0x00000006cb600000, 0x00000006cb600000|
| 171|0x00000006cb700000, 0x00000006cb700000, 0x00000006cb800000|  0%| F|  |TS  0|AC  0|TAMS 0x00000006cb700000, 0x00000006cb700000|
| 172|0x00000006cb800000, 0x00000006cb800000, 0x00000006cb900000|  0%| F|  |TS  0|AC  0|TAMS 0x00000006cb800000, 0x00000006cb800000|
| 173|0x00000006cb900000, 0x00000006cb900000, 0x00000006cba00000|  0%| F|  |TS  0|AC  0|TAMS 0x00000006cb900000, 0x00000006cb900000|
| 174|0x00000006cba00000, 0x00000006cba00000, 0x00000006cbb00000|  0%| F|  |TS  0|AC  0|TAMS 0x00000006cba00000, 0x00000006cba00000|
| 175|0x00000006cbb00000, 0x00000006cbb00000, 0x00000006cbc00000|  0%| F|  |TS  0|AC  0|TAMS 0x00000006cbb00000, 0x00000006cbb00000|
| 176|0x00000006cbc00000, 0x00000006cbc00000, 0x00000006cbd00000|  0%| F|  |TS  0|AC  0|TAMS 0x00000006cbc00000, 0x00000006cbc00000|
| 177|0x00000006cbd00000, 0x00000006cbd00000, 0x00000006cbe00000|  0%| F|  |TS  0|AC  0|TAMS 0x00000006cbd00000, 0x00000006cbd00000|
| 178|0x00000006cbe00000, 0x00000006cbe00000, 0x00000006cbf00000|  0%| F|  |TS  0|AC  0|TAMS 0x00000006cbe00000, 0x00000006cbe00000|
| 179|0x00000006cbf00000, 0x00000006cbf00000, 0x00000006cc000000|  0%| F|  |TS  0|AC  0|TAMS 0x00000006cbf00000, 0x00000006cbf00000|
| 180|0x00000006cc000000, 0x00000006cc000000, 0x00000006cc100000|  0%| F|  |TS  0|AC  0|TAMS 0x00000006cc000000, 0x00000006cc000000|
| 181|0x00000006cc100000, 0x00000006cc100000, 0x00000006cc200000|  0%| F|  |TS  0|AC  0|TAMS 0x00000006cc100000, 0x00000006cc100000|
| 182|0x00000006cc200000, 0x00000006cc200000, 0x00000006cc300000|  0%| F|  |TS  0|AC  0|TAMS 0x00000006cc200000, 0x00000006cc200000|
| 183|0x00000006cc300000, 0x00000006cc300000, 0x00000006cc400000|  0%| F|  |TS  0|AC  0|TAMS 0x00000006cc300000, 0x00000006cc300000|
| 184|0x00000006cc400000, 0x00000006cc400000, 0x00000006cc500000|  0%| F|  |TS  0|AC  0|TAMS 0x00000006cc400000, 0x00000006cc400000|
| 185|0x00000006cc500000, 0x00000006cc500000, 0x00000006cc600000|  0%| F|  |TS  0|AC  0|TAMS 0x00000006cc500000, 0x00000006cc500000|
| 186|0x00000006cc600000, 0x00000006cc600000, 0x00000006cc700000|  0%| F|  |TS  0|AC  0|TAMS 0x00000006cc600000, 0x00000006cc600000|
| 187|0x00000006cc700000, 0x00000006cc700000, 0x00000006cc800000|  0%| F|  |TS  0|AC  0|TAMS 0x00000006cc700000, 0x00000006cc700000|
| 188|0x00000006cc800000, 0x00000006cc800000, 0x00000006cc900000|  0%| F|  |TS  0|AC  0|TAMS 0x00000006cc800000, 0x00000006cc800000|
| 189|0x00000006cc900000, 0x00000006cc900000, 0x00000006cca00000|  0%| F|  |TS  0|AC  0|TAMS 0x00000006cc900000, 0x00000006cc900000|
| 190|0x00000006cca00000, 0x00000006cca00000, 0x00000006ccb00000|  0%| F|  |TS  0|AC  0|TAMS 0x00000006cca00000, 0x00000006cca00000|
| 191|0x00000006ccb00000, 0x00000006ccb00000, 0x00000006ccc00000|  0%| F|  |TS  0|AC  0|TAMS 0x00000006ccb00000, 0x00000006ccb00000|
| 192|0x00000006ccc00000, 0x00000006ccc00000, 0x00000006ccd00000|  0%| F|  |TS  0|AC  0|TAMS 0x00000006ccc00000, 0x00000006ccc00000|
| 193|0x00000006ccd00000, 0x00000006ccd00000, 0x00000006cce00000|  0%| F|  |TS  0|AC  0|TAMS 0x00000006ccd00000, 0x00000006ccd00000|
| 194|0x00000006cce00000, 0x00000006cce00000, 0x00000006ccf00000|  0%| F|  |TS  0|AC  0|TAMS 0x00000006cce00000, 0x00000006cce00000|
| 195|0x00000006ccf00000, 0x00000006ccf00000, 0x00000006cd000000|  0%| F|  |TS  0|AC  0|TAMS 0x00000006ccf00000, 0x00000006ccf00000|
| 196|0x00000006cd000000, 0x00000006cd000000, 0x00000006cd100000|  0%| F|  |TS  0|AC  0|TAMS 0x00000006cd000000, 0x00000006cd000000|
| 197|0x00000006cd100000, 0x00000006cd100000, 0x00000006cd200000|  0%| F|  |TS  0|AC  0|TAMS 0x00000006cd100000, 0x00000006cd100000|
| 198|0x00000006cd200000, 0x00000006cd200000, 0x00000006cd300000|  0%| F|  |TS  0|AC  0|TAMS 0x00000006cd200000, 0x00000006cd200000|
| 199|0x00000006cd300000, 0x00000006cd300000, 0x00000006cd400000|  0%| F|  |TS  0|AC  0|TAMS 0x00000006cd300000, 0x00000006cd300000|
| 200|0x00000006cd400000, 0x00000006cd400000, 0x00000006cd500000|  0%| F|  |TS  0|AC  0|TAMS 0x00000006cd400000, 0x00000006cd400000|
| 201|0x00000006cd500000, 0x00000006cd500000, 0x00000006cd600000|  0%| F|  |TS  0|AC  0|TAMS 0x00000006cd500000, 0x00000006cd500000|
| 202|0x00000006cd600000, 0x00000006cd600000, 0x00000006cd700000|  0%| F|  |TS  0|AC  0|TAMS 0x00000006cd600000, 0x00000006cd600000|
| 203|0x00000006cd700000, 0x00000006cd700000, 0x00000006cd800000|  0%| F|  |TS  0|AC  0|TAMS 0x00000006cd700000, 0x00000006cd700000|
| 204|0x00000006cd800000, 0x00000006cd800000, 0x00000006cd900000|  0%| F|  |TS  0|AC  0|TAMS 0x00000006cd800000, 0x00000006cd800000|
| 205|0x00000006cd900000, 0x00000006cd900000, 0x00000006cda00000|  0%| F|  |TS  0|AC  0|TAMS 0x00000006cd900000, 0x00000006cd900000|
| 206|0x00000006cda00000, 0x00000006cda00000, 0x00000006cdb00000|  0%| F|  |TS  0|AC  0|TAMS 0x00000006cda00000, 0x00000006cda00000|
| 207|0x00000006cdb00000, 0x00000006cdb00000, 0x00000006cdc00000|  0%| F|  |TS  0|AC  0|TAMS 0x00000006cdb00000, 0x00000006cdb00000|
| 208|0x00000006cdc00000, 0x00000006cdc00000, 0x00000006cdd00000|  0%| F|  |TS  0|AC  0|TAMS 0x00000006cdc00000, 0x00000006cdc00000|
| 209|0x00000006cdd00000, 0x00000006cdd00000, 0x00000006cde00000|  0%| F|  |TS  0|AC  0|TAMS 0x00000006cdd00000, 0x00000006cdd00000|
| 210|0x00000006cde00000, 0x00000006cde00000, 0x00000006cdf00000|  0%| F|  |TS  0|AC  0|TAMS 0x00000006cde00000, 0x00000006cde00000|
| 211|0x00000006cdf00000, 0x00000006cdf00000, 0x00000006ce000000|  0%| F|  |TS  0|AC  0|TAMS 0x00000006cdf00000, 0x00000006cdf00000|
| 212|0x00000006ce000000, 0x00000006ce000000, 0x00000006ce100000|  0%| F|  |TS  0|AC  0|TAMS 0x00000006ce000000, 0x00000006ce000000|
| 213|0x00000006ce100000, 0x00000006ce100000, 0x00000006ce200000|  0%| F|  |TS  0|AC  0|TAMS 0x00000006ce100000, 0x00000006ce100000|
| 214|0x00000006ce200000, 0x00000006ce200000, 0x00000006ce300000|  0%| F|  |TS  0|AC  0|TAMS 0x00000006ce200000, 0x00000006ce200000|
| 215|0x00000006ce300000, 0x00000006ce300000, 0x00000006ce400000|  0%| F|  |TS  0|AC  0|TAMS 0x00000006ce300000, 0x00000006ce300000|
| 216|0x00000006ce400000, 0x00000006ce400000, 0x00000006ce500000|  0%| F|  |TS  0|AC  0|TAMS 0x00000006ce400000, 0x00000006ce400000|
| 217|0x00000006ce500000, 0x00000006ce500000, 0x00000006ce600000|  0%| F|  |TS  0|AC  0|TAMS 0x00000006ce500000, 0x00000006ce500000|
| 218|0x00000006ce600000, 0x00000006ce600000, 0x00000006ce700000|  0%| F|  |TS  0|AC  0|TAMS 0x00000006ce600000, 0x00000006ce600000|
| 219|0x00000006ce700000, 0x00000006ce700000, 0x00000006ce800000|  0%| F|  |TS  0|AC  0|TAMS 0x00000006ce700000, 0x00000006ce700000|
| 220|0x00000006ce800000, 0x00000006ce800000, 0x00000006ce900000|  0%| F|  |TS  0|AC  0|TAMS 0x00000006ce800000, 0x00000006ce800000|
| 221|0x00000006ce900000, 0x00000006ce900000, 0x00000006cea00000|  0%| F|  |TS  0|AC  0|TAMS 0x00000006ce900000, 0x00000006ce900000|
| 222|0x00000006cea00000, 0x00000006cea00000, 0x00000006ceb00000|  0%| F|  |TS  0|AC  0|TAMS 0x00000006cea00000, 0x00000006cea00000|
| 223|0x00000006ceb00000, 0x00000006ceb00000, 0x00000006cec00000|  0%| F|  |TS  0|AC  0|TAMS 0x00000006ceb00000, 0x00000006ceb00000|
| 224|0x00000006cec00000, 0x00000006cec00000, 0x00000006ced00000|  0%| F|  |TS  0|AC  0|TAMS 0x00000006cec00000, 0x00000006cec00000|
| 225|0x00000006ced00000, 0x00000006ced00000, 0x00000006cee00000|  0%| F|  |TS  0|AC  0|TAMS 0x00000006ced00000, 0x00000006ced00000|
| 226|0x00000006cee00000, 0x00000006cee00000, 0x00000006cef00000|  0%| F|  |TS  0|AC  0|TAMS 0x00000006cee00000, 0x00000006cee00000|
| 227|0x00000006cef00000, 0x00000006cef00000, 0x00000006cf000000|  0%| F|  |TS  0|AC  0|TAMS 0x00000006cef00000, 0x00000006cef00000|
| 228|0x00000006cf000000, 0x00000006cf000000, 0x00000006cf100000|  0%| F|  |TS  0|AC  0|TAMS 0x00000006cf000000, 0x00000006cf000000|
| 229|0x00000006cf100000, 0x00000006cf100000, 0x00000006cf200000|  0%| F|  |TS  0|AC  0|TAMS 0x00000006cf100000, 0x00000006cf100000|
| 230|0x00000006cf200000, 0x00000006cf200000, 0x00000006cf300000|  0%| F|  |TS  0|AC  0|TAMS 0x00000006cf200000, 0x00000006cf200000|
| 231|0x00000006cf300000, 0x00000006cf300000, 0x00000006cf400000|  0%| F|  |TS  0|AC  0|TAMS 0x00000006cf300000, 0x00000006cf300000|
| 232|0x00000006cf400000, 0x00000006cf400000, 0x00000006cf500000|  0%| F|  |TS  0|AC  0|TAMS 0x00000006cf400000, 0x00000006cf400000|
| 233|0x00000006cf500000, 0x00000006cf500000, 0x00000006cf600000|  0%| F|  |TS  0|AC  0|TAMS 0x00000006cf500000, 0x00000006cf500000|
| 234|0x00000006cf600000, 0x00000006cf600000, 0x00000006cf700000|  0%| F|  |TS  0|AC  0|TAMS 0x00000006cf600000, 0x00000006cf600000|
| 235|0x00000006cf700000, 0x00000006cf700000, 0x00000006cf800000|  0%| F|  |TS  0|AC  0|TAMS 0x00000006cf700000, 0x00000006cf700000|
| 236|0x00000006cf800000, 0x00000006cf800000, 0x00000006cf900000|  0%| F|  |TS  0|AC  0|TAMS 0x00000006cf800000, 0x00000006cf800000|
| 237|0x00000006cf900000, 0x00000006cf900000, 0x00000006cfa00000|  0%| F|  |TS  0|AC  0|TAMS 0x00000006cf900000, 0x00000006cf900000|
| 238|0x00000006cfa00000, 0x00000006cfa00000, 0x00000006cfb00000|  0%| F|  |TS  0|AC  0|TAMS 0x00000006cfa00000, 0x00000006cfa00000|
| 239|0x00000006cfb00000, 0x00000006cfb00000, 0x00000006cfc00000|  0%| F|  |TS  0|AC  0|TAMS 0x00000006cfb00000, 0x00000006cfb00000|
| 240|0x00000006cfc00000, 0x00000006cfc00000, 0x00000006cfd00000|  0%| F|  |TS  0|AC  0|TAMS 0x00000006cfc00000, 0x00000006cfc00000|
| 241|0x00000006cfd00000, 0x00000006cfd00000, 0x00000006cfe00000|  0%| F|  |TS  0|AC  0|TAMS 0x00000006cfd00000, 0x00000006cfd00000|
| 242|0x00000006cfe00000, 0x00000006cfe00000, 0x00000006cff00000|  0%| F|  |TS  0|AC  0|TAMS 0x00000006cfe00000, 0x00000006cfe00000|
| 243|0x00000006cff00000, 0x00000006cff00000, 0x00000006d0000000|  0%| F|  |TS  0|AC  0|TAMS 0x00000006cff00000, 0x00000006cff00000|
| 244|0x00000006d0000000, 0x00000006d0000000, 0x00000006d0100000|  0%| F|  |TS  0|AC  0|TAMS 0x00000006d0000000, 0x00000006d0000000|
| 245|0x00000006d0100000, 0x00000006d0100000, 0x00000006d0200000|  0%| F|  |TS  0|AC  0|TAMS 0x00000006d0100000, 0x00000006d0100000|
| 246|0x00000006d0200000, 0x00000006d0200000, 0x00000006d0300000|  0%| F|  |TS  0|AC  0|TAMS 0x00000006d0200000, 0x00000006d0200000|
| 247|0x00000006d0300000, 0x00000006d0300000, 0x00000006d0400000|  0%| F|  |TS  0|AC  0|TAMS 0x00000006d0300000, 0x00000006d0300000|
| 248|0x00000006d0400000, 0x00000006d0400000, 0x00000006d0500000|  0%| F|  |TS  0|AC  0|TAMS 0x00000006d0400000, 0x00000006d0400000|
| 249|0x00000006d0500000, 0x00000006d0500000, 0x00000006d0600000|  0%| F|  |TS  0|AC  0|TAMS 0x00000006d0500000, 0x00000006d0500000|
| 250|0x00000006d0600000, 0x00000006d0600000, 0x00000006d0700000|  0%| F|  |TS  0|AC  0|TAMS 0x00000006d0600000, 0x00000006d0600000|
| 251|0x00000006d0700000, 0x00000006d0700000, 0x00000006d0800000|  0%| F|  |TS  0|AC  0|TAMS 0x00000006d0700000, 0x00000006d0700000|
| 252|0x00000006d0800000, 0x00000006d0800000, 0x00000006d0900000|  0%| F|  |TS  0|AC  0|TAMS 0x00000006d0800000, 0x00000006d0800000|
| 253|0x00000006d0900000, 0x00000006d0900000, 0x00000006d0a00000|  0%| F|  |TS  0|AC  0|TAMS 0x00000006d0900000, 0x00000006d0900000|
| 254|0x00000006d0a00000, 0x00000006d0af6448, 0x00000006d0b00000| 96%| E|  |TS  0|AC  0|TAMS 0x00000006d0a00000, 0x00000006d0a00000|
| 255|0x00000006d0b00000, 0x00000006d0c00000, 0x00000006d0c00000|100%| E|CS|TS  0|AC  0|TAMS 0x00000006d0b00000, 0x00000006d0b00000|

Card table byte_map: [0x000001a916ed0000,0x000001a9176d0000] byte_map_base: 0x000001a9138ca000

Marking Bits (Prev, Next): (CMBitMap*) 0x000001a97f308100, (CMBitMap*) 0x000001a97f308138
 Prev Bits: [0x000001a917ed0000, 0x000001a91bea0000)
 Next Bits: [0x000001a91bea0000, 0x000001a91fe70000)

Polling page: 0x000001a97cfd0000

CodeHeap 'non-profiled nmethods': size=119168Kb used=29Kb max_used=29Kb free=119138Kb
 bounds [0x000001a90f270000, 0x000001a90f4e0000, 0x000001a9166d0000]
CodeHeap 'profiled nmethods': size=119168Kb used=153Kb max_used=153Kb free=119014Kb
 bounds [0x000001a907e10000, 0x000001a908080000, 0x000001a90f270000]
CodeHeap 'non-nmethods': size=7424Kb used=2679Kb max_used=2686Kb free=4744Kb
 bounds [0x000001a9076d0000, 0x000001a907980000, 0x000001a907e10000]
 total_blobs=418 nmethods=114 adapters=154
 compilation: enabled

Compilation events (10 events):
Event: 0.094 Thread 0x000001a9234cd800  111       3       java.lang.StringUTF16::getChar (60 bytes)
Event: 0.094 Thread 0x000001a9234cd800 nmethod 111 0x000001a907e34d10 code [0x000001a907e34ec0, 0x000001a907e35078]
Event: 0.095 Thread 0x000001a9234e1800  112       3       java.lang.AbstractStringBuilder::ensureCapacityInternal (39 bytes)
Event: 0.095 Thread 0x000001a9234e1800 nmethod 112 0x000001a907e35190 code [0x000001a907e35380, 0x000001a907e35860]
Event: 0.100 Thread 0x000001a9234e3800  113       3       java.lang.String::indexOf (29 bytes)
Event: 0.100 Thread 0x000001a9234cd800  114       1       java.lang.Object::<init> (1 bytes)
Event: 0.100 Thread 0x000001a9234cd800 nmethod 114 0x000001a90f277410 code [0x000001a90f2775c0, 0x000001a90f2776d8]
Event: 0.100 Thread 0x000001a9234e3800 nmethod 113 0x000001a907e35a10 code [0x000001a907e35be0, 0x000001a907e35ec0]
Event: 0.100 Thread 0x000001a9234cd800  115       3       java.lang.String::indexOf (7 bytes)
Event: 0.101 Thread 0x000001a9234cd800 nmethod 115 0x000001a907e35f90 code [0x000001a907e36180, 0x000001a907e364e0]

GC Heap History (0 events):
No events

Deoptimization events (1 events):
Event: 0.086 Thread 0x000001a97f26c800 Uncommon trap: reason=unstable_if action=reinterpret pc=0x000001a90f27616c method=java.lang.String.hashCode()I @ 14 c2

Classes redefined (0 events):
No events

Internal exceptions (0 events):
No events

Events (10 events):
Event: 0.129 loading class java/nio/HeapCharBuffer
Event: 0.130 loading class java/nio/HeapCharBuffer done
Event: 0.130 loading class java/nio/charset/CoderResult
Event: 0.130 loading class java/nio/charset/CoderResult done
Event: 0.130 loading class java/nio/charset/CoderResult$1
Event: 0.130 loading class java/nio/charset/CoderResult$Cache
Event: 0.130 loading class java/nio/charset/CoderResult$Cache done
Event: 0.130 loading class java/nio/charset/CoderResult$1 done
Event: 0.130 loading class java/nio/charset/CoderResult$2
Event: 0.130 loading class java/nio/charset/CoderResult$2 done


Dynamic libraries:
0x00007ff740610000 - 0x00007ff74064e000 	C:\Program Files (x86)\Common Files\Oracle\Java\javapath\java.exe
0x00007ffabed10000 - 0x00007ffabeef1000 	C:\WINDOWS\SYSTEM32\ntdll.dll
0x00007ffabdf00000 - 0x00007ffabdfb2000 	C:\WINDOWS\System32\KERNEL32.DLL
0x00007ffabb0e0000 - 0x00007ffabb353000 	C:\WINDOWS\System32\KERNELBASE.dll
0x00007ffabe3d0000 - 0x00007ffabe471000 	C:\WINDOWS\System32\ADVAPI32.dll
0x00007ffabe640000 - 0x00007ffabe6de000 	C:\WINDOWS\System32\msvcrt.dll
0x00007ffabe090000 - 0x00007ffabe0eb000 	C:\WINDOWS\System32\sechost.dll
0x00007ffabe9c0000 - 0x00007ffabeae4000 	C:\WINDOWS\System32\RPCRT4.dll
0x00007ffabeb50000 - 0x00007ffabece0000 	C:\WINDOWS\System32\USER32.dll
0x00007ffabbf90000 - 0x00007ffabbfb0000 	C:\WINDOWS\System32\win32u.dll
0x00007ffabe390000 - 0x00007ffabe3b8000 	C:\WINDOWS\System32\GDI32.dll
0x00007ffabb4c0000 - 0x00007ffabb652000 	C:\WINDOWS\System32\gdi32full.dll
0x00007ffabb660000 - 0x00007ffabb6ff000 	C:\WINDOWS\System32\msvcp_win.dll
0x00007ffabb3c0000 - 0x00007ffabb4b8000 	C:\WINDOWS\System32\ucrtbase.dll
0x00007ffaad040000 - 0x00007ffaad2a9000 	C:\WINDOWS\WinSxS\amd64_microsoft.windows.common-controls_6595b64144ccf1df_6.0.17134.648_none_fb45a0e93062a6d2\COMCTL32.dll
0x00007ffab6c10000 - 0x00007ffab6c1a000 	C:\WINDOWS\SYSTEM32\VERSION.dll
0x00007ffabdae0000 - 0x00007ffabde02000 	C:\WINDOWS\System32\combase.dll
0x00007ffabbf10000 - 0x00007ffabbf8a000 	C:\WINDOWS\System32\bcryptPrimitives.dll
0x00007ffabe060000 - 0x00007ffabe08d000 	C:\WINDOWS\System32\IMM32.DLL
0x00007ffaaa6a0000 - 0x00007ffaaa78f000 	C:\Program Files\Java\jre-10.0.2\bin\msvcr120.dll
0x00007ffaa9720000 - 0x00007ffaa97c6000 	C:\Program Files\Java\jre-10.0.2\bin\msvcp120.dll
0x000000006c5a0000 - 0x000000006d010000 	C:\Program Files\Java\jre-10.0.2\bin\server\jvm.dll
0x00007ffabe3c0000 - 0x00007ffabe3c8000 	C:\WINDOWS\System32\PSAPI.DLL
0x00007ffaacc10000 - 0x00007ffaacc33000 	C:\WINDOWS\SYSTEM32\WINMM.dll
0x00007ffab65d0000 - 0x00007ffab65d9000 	C:\WINDOWS\SYSTEM32\WSOCK32.dll
0x00007ffabe6e0000 - 0x00007ffabe74c000 	C:\WINDOWS\System32\WS2_32.dll
0x00007ffaaca30000 - 0x00007ffaaca5a000 	C:\WINDOWS\SYSTEM32\winmmbase.dll
0x00007ffabbec0000 - 0x00007ffabbf09000 	C:\WINDOWS\System32\cfgmgr32.dll
0x00007ffab23e0000 - 0x00007ffab23ef000 	C:\Program Files\Java\jre-10.0.2\bin\verify.dll
0x00007ffabab70000 - 0x00007ffabad39000 	C:\WINDOWS\SYSTEM32\DBGHELP.DLL
0x00007ffabaaa0000 - 0x00007ffabaac9000 	C:\WINDOWS\SYSTEM32\dbgcore.DLL
0x00007ffab1f50000 - 0x00007ffab1f77000 	C:\Program Files\Java\jre-10.0.2\bin\java.dll
0x00007ffaaa560000 - 0x00007ffaaa576000 	C:\Program Files\Java\jre-10.0.2\bin\zip.dll
0x00007ffab1f20000 - 0x00007ffab1f2a000 	C:\Program Files\Java\jre-10.0.2\bin\jimage.dll
0x00007ffabc5f0000 - 0x00007ffabda30000 	C:\WINDOWS\System32\SHELL32.dll
0x00007ffabda30000 - 0x00007ffabdad9000 	C:\WINDOWS\System32\shcore.dll
0x00007ffabb700000 - 0x00007ffabbe0d000 	C:\WINDOWS\System32\windows.storage.dll
0x00007ffabe480000 - 0x00007ffabe4d1000 	C:\WINDOWS\System32\shlwapi.dll
0x00007ffabb0c0000 - 0x00007ffabb0d1000 	C:\WINDOWS\System32\kernel.appcore.dll
0x00007ffabb020000 - 0x00007ffabb03f000 	C:\WINDOWS\System32\profapi.dll
0x00007ffabb070000 - 0x00007ffabb0bc000 	C:\WINDOWS\System32\powrprof.dll
0x00007ffabb060000 - 0x00007ffabb06a000 	C:\WINDOWS\System32\FLTLIB.DLL
0x00007ffaaa530000 - 0x00007ffaaa555000 	D:\Exp\JNI\TestJNIReference\x64\Debug\TestJNIReference.dll
0x00007ffa84660000 - 0x00007ffa84822000 	C:\WINDOWS\SYSTEM32\ucrtbased.dll
0x00007ffaaa500000 - 0x00007ffaaa522000 	C:\WINDOWS\SYSTEM32\VCRUNTIME140D.dll

dbghelp: loaded successfully - version: 4.0.5 - missing functions: none
symbol engine: initialized successfully - sym options: 0x614 - pdb path: .;C:\Program Files (x86)\Common Files\Oracle\Java\javapath;C:\WINDOWS\SYSTEM32;C:\WINDOWS\WinSxS\amd64_microsoft.windows.common-controls_6595b64144ccf1df_6.0.17134.648_none_fb45a0e93062a6d2;C:\Program Files\Java\jre-10.0.2\bin;C:\Program Files\Java\jre-10.0.2\bin\server;D:\Exp\JNI\TestJNIReference\x64\Debug

VM Arguments:
jvm_args: -Djava.library.path=./TestJNIReference/x64/Debug 
java_command: TestJNIReference
java_class_path (initial): .
Launcher Type: SUN_STANDARD

Logging:
Log output configuration:
#0: stdout all=warning uptime,level,tags
#1: stderr all=off uptime,level,tags

Environment Variables:
JAVA_HOME=C:\Program Files (x86)\Java\jdk1.8.0_161
PATH=C:\Program Files (x86)\Common Files\Oracle\Java\javapath;C:\Program Files\Microsoft MPI\Bin\;C:\Windows\system32;C:\Windows;C:\Windows\System32\Wbem;C:\Windows\System32\WindowsPowerShell\v1.0\;C:\Program Files (x86)\NVIDIA Corporation\PhysX\Common;C:\WINDOWS\system32;C:\WINDOWS;C:\WINDOWS\System32\Wbem;C:\WINDOWS\System32\WindowsPowerShell\v1.0\;C:\Softwares\platform-tools;C:\Program Files\dotnet\;C:\Program Files\Microsoft SQL Server\130\Tools\Binn\;C:\WINDOWS\System32\OpenSSH\;C:\Program Files\nodejs\;C:\Program Files\Microsoft VS Code\bin;C:\Program Files\NVIDIA Corporation\NVIDIA NvDLISR;C:\Program Files\Git\cmd;C:\Users\baotrungtn\AppData\Local\Microsoft\WindowsApps;C:\Program Files\Microsoft VS Code\bin;C:\NDK\android-ndk-r17b-windows-x86_64\android-ndk-r17b;C:\Program Files (x86)\Java\jdk1.8.0_161\bin;C:\Users\baotrungtn\AppData\Local\GitHubDesktop\bin;C:\MinGW\bin;C:\Users\baotrungtn\AppData\Roaming\npm;C:\cygwin64\bin;D:\Flutter\flutter_windows_v1.0.0-stable\flutter\bin;
USERNAME=baotrungtn
OS=Windows_NT
PROCESSOR_IDENTIFIER=AMD64 Family 23 Model 1 Stepping 1, AuthenticAMD



---------------  S Y S T E M  ---------------

OS: Windows 10 , 64 bit Build 17134 (10.0.17134.648)

CPU:total 16 (initial active 16) (16 cores per cpu, 2 threads per core) family 23 model 1 stepping 1, cmov, cx8, fxsr, mmx, sse, sse2, sse3, ssse3, sse4.1, sse4.2, popcnt, avx, avx2, aes, clmul, mmxext, 3dnowpref, lzcnt, sse4a, ht, tsc, tscinvbit, tscinv, bmi1, bmi2, adx, sha, fma

Memory: 4k page, physical 16726752k(4746780k free), swap 19217120k(9613700k free)

vm_info: Java HotSpot(TM) 64-Bit Server VM (10.0.2+13) for windows-amd64 JRE (10.0.2+13), built on Jun 28 2018 01:57:56 by "mach5one" with MS VC++ 12.0 (VS2013)

END.
